<?xml version="1.0" encoding="UTF-8"?>
<testsuite name="memory.MemoryFinderTest" tests="1" skipped="0" failures="0" errors="0" timestamp="2025-06-12T11:05:42" hostname="JYE" time="0.071">
  <properties/>
  <testcase name="get()" classname="memory.MemoryFinderTest" time="0.071"/>
  <system-out><![CDATA[]]></system-out>
  <system-err><![CDATA[]]></system-err>
</testsuite>
